  test20.c
C:\Users\admin\source\repos\test20.c(8,44): error C2146: 구문 오류: ')'이(가) 'l' 식별자 앞에 없습니다.
C:\Users\admin\source\repos\test20.c(8,52): error C2059: 구문 오류: ')'
